2025-07-08T10:53:37.024348+00:00 INFO 'ansible_navigator.setup_logger' New ansible-navigator instance, logging initialized
2025-07-08T10:53:37.047704+00:00 INFO 'ansible_navigator.setup_logger' New ansible-runner instance, logging initialized
2025-07-08T10:53:37.047745+00:00 DEBUG 'ansible_navigator.main' Jinja2==3.1.6 
2025-07-08T10:53:37.047774+00:00 DEBUG 'ansible_navigator.main' MarkupSafe==3.0.2 
2025-07-08T10:53:37.047796+00:00 DEBUG 'ansible_navigator.main' Parsley==1.3 
2025-07-08T10:53:37.047817+00:00 DEBUG 'ansible_navigator.main' PySocks==1.7.1 
2025-07-08T10:53:37.047838+00:00 DEBUG 'ansible_navigator.main' PyYAML==5.4.1 
2025-07-08T10:53:37.047858+00:00 DEBUG 'ansible_navigator.main' Pygments==2.19.2 
2025-07-08T10:53:37.047916+00:00 DEBUG 'ansible_navigator.main' ansible-builder==3.1.0 
2025-07-08T10:53:37.047952+00:00 DEBUG 'ansible_navigator.main' ansible-compat==24.10.0 
2025-07-08T10:53:37.047973+00:00 DEBUG 'ansible_navigator.main' ansible-core==2.14.18 
2025-07-08T10:53:37.047992+00:00 DEBUG 'ansible_navigator.main' ansible-lint==6.22.2 
2025-07-08T10:53:37.048010+00:00 DEBUG 'ansible_navigator.main' ansible-navigator==24.2.0 
2025-07-08T10:53:37.048027+00:00 DEBUG 'ansible_navigator.main' ansible-runner==2.4.1 
2025-07-08T10:53:37.048044+00:00 DEBUG 'ansible_navigator.main' ansible==7.7.0 /usr/lib/python3.9/site-packages/ansible/__init__.py
2025-07-08T10:53:37.048061+00:00 DEBUG 'ansible_navigator.main' attrs==25.3.0 /home/ansible/.local/lib/python3.9/site-packages/attrs/__init__.py
2025-07-08T10:53:37.048078+00:00 DEBUG 'ansible_navigator.main' bindep==2.13.0 /home/ansible/.local/lib/python3.9/site-packages/bindep/__init__.py
2025-07-08T10:53:37.048095+00:00 DEBUG 'ansible_navigator.main' black==25.1.0 /home/ansible/.local/lib/python3.9/site-packages/black/__init__.cpython-39-x86_64-linux-gnu.so
2025-07-08T10:53:37.048112+00:00 DEBUG 'ansible_navigator.main' bracex==2.6 /home/ansible/.local/lib/python3.9/site-packages/bracex/__init__.py
2025-07-08T10:53:37.048129+00:00 DEBUG 'ansible_navigator.main' cffi==1.14.5 /usr/lib64/python3.9/site-packages/cffi/__init__.py
2025-07-08T10:53:37.048147+00:00 DEBUG 'ansible_navigator.main' chardet==4.0.0 /usr/lib/python3.9/site-packages/chardet/__init__.py
2025-07-08T10:53:37.048164+00:00 DEBUG 'ansible_navigator.main' click==8.1.8 /home/ansible/.local/lib/python3.9/site-packages/click/__init__.py
2025-07-08T10:53:37.048181+00:00 DEBUG 'ansible_navigator.main' cockpit==334.1 /usr/lib/python3.9/site-packages/cockpit/__init__.py
2025-07-08T10:53:37.048197+00:00 DEBUG 'ansible_navigator.main' cryptography==36.0.1 /usr/lib64/python3.9/site-packages/cryptography/__init__.py
2025-07-08T10:53:37.048214+00:00 DEBUG 'ansible_navigator.main' dasbus==1.4 /usr/lib/python3.9/site-packages/dasbus/__init__.py
2025-07-08T10:53:37.048231+00:00 DEBUG 'ansible_navigator.main' dbus-python==1.2.18 
2025-07-08T10:53:37.048248+00:00 DEBUG 'ansible_navigator.main' distro==1.9.0 /home/ansible/.local/lib/python3.9/site-packages/distro/__init__.py
2025-07-08T10:53:37.048265+00:00 DEBUG 'ansible_navigator.main' file-magic==0.4.0 
2025-07-08T10:53:37.048282+00:00 DEBUG 'ansible_navigator.main' filelock==3.18.0 /home/ansible/.local/lib/python3.9/site-packages/filelock/__init__.py
2025-07-08T10:53:37.048299+00:00 DEBUG 'ansible_navigator.main' idna==2.10 /usr/lib/python3.9/site-packages/idna/__init__.py
2025-07-08T10:53:37.048316+00:00 DEBUG 'ansible_navigator.main' importlib-metadata==6.2.1 
2025-07-08T10:53:37.048333+00:00 DEBUG 'ansible_navigator.main' jsonschema-specifications==2025.4.1 
2025-07-08T10:53:37.048350+00:00 DEBUG 'ansible_navigator.main' jsonschema==4.24.0 /home/ansible/.local/lib/python3.9/site-packages/jsonschema/__init__.py
2025-07-08T10:53:37.048367+00:00 DEBUG 'ansible_navigator.main' lockfile==0.12.2 /home/ansible/.local/lib/python3.9/site-packages/lockfile/__init__.py
2025-07-08T10:53:37.048401+00:00 DEBUG 'ansible_navigator.main' lxml==4.6.5 /usr/lib64/python3.9/site-packages/lxml/__init__.py
2025-07-08T10:53:37.048423+00:00 DEBUG 'ansible_navigator.main' markdown-it-py==3.0.0 
2025-07-08T10:53:37.048446+00:00 DEBUG 'ansible_navigator.main' mdurl==0.1.2 /home/ansible/.local/lib/python3.9/site-packages/mdurl/__init__.py
2025-07-08T10:53:37.048465+00:00 DEBUG 'ansible_navigator.main' mypy_extensions==1.1.0 /home/ansible/.local/lib/python3.9/site-packages/mypy_extensions.py
2025-07-08T10:53:37.048482+00:00 DEBUG 'ansible_navigator.main' nftables==0.1 /usr/lib/python3.9/site-packages/nftables/__init__.py
2025-07-08T10:53:37.048499+00:00 DEBUG 'ansible_navigator.main' onigurumacffi==1.4.1 /home/ansible/.local/lib/python3.9/site-packages/onigurumacffi.py
2025-07-08T10:53:37.048516+00:00 DEBUG 'ansible_navigator.main' packaging==25.0 /home/ansible/.local/lib/python3.9/site-packages/packaging/__init__.py
2025-07-08T10:53:37.048533+00:00 DEBUG 'ansible_navigator.main' pathspec==0.12.1 /home/ansible/.local/lib/python3.9/site-packages/pathspec/__init__.py
2025-07-08T10:53:37.048549+00:00 DEBUG 'ansible_navigator.main' pbr==6.1.1 /home/ansible/.local/lib/python3.9/site-packages/pbr/__init__.py
2025-07-08T10:53:37.048566+00:00 DEBUG 'ansible_navigator.main' perf==0.1 /usr/lib64/python3.9/site-packages/perf.cpython-39-x86_64-linux-gnu.so
2025-07-08T10:53:37.048583+00:00 DEBUG 'ansible_navigator.main' pip==21.3.1 /usr/lib/python3.9/site-packages/pip/__init__.py
2025-07-08T10:53:37.048600+00:00 DEBUG 'ansible_navigator.main' platformdirs==4.3.8 /home/ansible/.local/lib/python3.9/site-packages/platformdirs/__init__.py
2025-07-08T10:53:37.048617+00:00 DEBUG 'ansible_navigator.main' ply==3.11 /usr/lib/python3.9/site-packages/ply/__init__.py
2025-07-08T10:53:37.048634+00:00 DEBUG 'ansible_navigator.main' psutil==5.8.0 /usr/lib64/python3.9/site-packages/psutil/__init__.py
2025-07-08T10:53:37.048651+00:00 DEBUG 'ansible_navigator.main' pycairo==1.20.1 
2025-07-08T10:53:37.048668+00:00 DEBUG 'ansible_navigator.main' pycparser==2.20 /usr/lib/python3.9/site-packages/pycparser/__init__.py
2025-07-08T10:53:37.048685+00:00 DEBUG 'ansible_navigator.main' pyinotify==0.9.6 /usr/lib/python3.9/site-packages/pyinotify.py
2025-07-08T10:53:37.048702+00:00 DEBUG 'ansible_navigator.main' pyparsing==2.4.7 /usr/lib/python3.9/site-packages/pyparsing.py
2025-07-08T10:53:37.048718+00:00 DEBUG 'ansible_navigator.main' python-daemon==3.1.2 
2025-07-08T10:53:37.048735+00:00 DEBUG 'ansible_navigator.main' python-dateutil==2.8.1 
2025-07-08T10:53:37.048752+00:00 DEBUG 'ansible_navigator.main' python-linux-procfs==0.7.3 
2025-07-08T10:53:37.048769+00:00 DEBUG 'ansible_navigator.main' pyudev==0.22.0 /usr/lib/python3.9/site-packages/pyudev/__init__.py
2025-07-08T10:53:37.048786+00:00 DEBUG 'ansible_navigator.main' referencing==0.36.2 /home/ansible/.local/lib/python3.9/site-packages/referencing/__init__.py
2025-07-08T10:53:37.048803+00:00 DEBUG 'ansible_navigator.main' requests==2.25.1 /usr/lib/python3.9/site-packages/requests/__init__.py
2025-07-08T10:53:37.048820+00:00 DEBUG 'ansible_navigator.main' resolvelib==0.5.4 /usr/lib/python3.9/site-packages/resolvelib/__init__.py
2025-07-08T10:53:37.048837+00:00 DEBUG 'ansible_navigator.main' rich==14.0.0 /home/ansible/.local/lib/python3.9/site-packages/rich/__init__.py
2025-07-08T10:53:37.048853+00:00 DEBUG 'ansible_navigator.main' rpds-py==0.26.0 
2025-07-08T10:53:37.048870+00:00 DEBUG 'ansible_navigator.main' ruamel.yaml.clib==0.2.12 
2025-07-08T10:53:37.048927+00:00 DEBUG 'ansible_navigator.main' ruamel.yaml==0.18.14 /home/ansible/.local/lib/python3.9/site-packages/ruamel/yaml/__init__.py
2025-07-08T10:53:37.048950+00:00 DEBUG 'ansible_navigator.main' selinux==3.6 /usr/lib64/python3.9/site-packages/selinux/__init__.py
2025-07-08T10:53:37.048970+00:00 DEBUG 'ansible_navigator.main' sepolicy==3.6 /usr/lib/python3.9/site-packages/sepolicy/__init__.py
2025-07-08T10:53:37.048987+00:00 DEBUG 'ansible_navigator.main' setools==4.4.4 /usr/lib64/python3.9/site-packages/setools/__init__.py
2025-07-08T10:53:37.049004+00:00 DEBUG 'ansible_navigator.main' setroubleshoot==3.3.33 /usr/lib/python3.9/site-packages/setroubleshoot/__init__.py
2025-07-08T10:53:37.049021+00:00 DEBUG 'ansible_navigator.main' setuptools==53.0.0 /usr/lib/python3.9/site-packages/setuptools/__init__.py
2025-07-08T10:53:37.049042+00:00 DEBUG 'ansible_navigator.main' six==1.15.0 /usr/lib/python3.9/site-packages/six.py
2025-07-08T10:53:37.049060+00:00 DEBUG 'ansible_navigator.main' sos==4.9.1 /usr/lib/python3.9/site-packages/sos/__init__.py
2025-07-08T10:53:37.049078+00:00 DEBUG 'ansible_navigator.main' subprocess-tee==0.4.2 
2025-07-08T10:53:37.049095+00:00 DEBUG 'ansible_navigator.main' tomli==2.2.1 /home/ansible/.local/lib/python3.9/site-packages/tomli/__init__.py
2025-07-08T10:53:37.049112+00:00 DEBUG 'ansible_navigator.main' typing_extensions==4.14.1 /home/ansible/.local/lib/python3.9/site-packages/typing_extensions.py
2025-07-08T10:53:37.049129+00:00 DEBUG 'ansible_navigator.main' tzdata==2025.2 /home/ansible/.local/lib/python3.9/site-packages/tzdata/__init__.py
2025-07-08T10:53:37.049146+00:00 DEBUG 'ansible_navigator.main' urllib3==1.26.5 /usr/lib/python3.9/site-packages/urllib3/__init__.py
2025-07-08T10:53:37.049163+00:00 DEBUG 'ansible_navigator.main' wcmatch==10.1 /home/ansible/.local/lib/python3.9/site-packages/wcmatch/__init__.py
2025-07-08T10:53:37.049180+00:00 DEBUG 'ansible_navigator.main' yamllint==1.37.1 /home/ansible/.local/lib/python3.9/site-packages/yamllint/__init__.py
2025-07-08T10:53:37.049196+00:00 DEBUG 'ansible_navigator.main' zipp==3.23.0 /home/ansible/.local/lib/python3.9/site-packages/zipp/__init__.py
2025-07-08T10:53:37.049214+00:00 DEBUG 'ansible_navigator.main' Default collection_doc_cache_path set to: /home/ansible/.cache/ansible-navigator/collection_doc_cache.db
2025-07-08T10:53:37.049231+00:00 DEBUG 'ansible_navigator.main' EDITOR environment variable not set
2025-07-08T10:53:37.049248+00:00 DEBUG 'ansible_navigator.main' Default editor_command set to: vi +{line_number} {filename}
2025-07-08T10:53:37.049265+00:00 DEBUG 'ansible_navigator.main' No config file set by ANSIBLE_NAVIGATOR_CONFIG
2025-07-08T10:53:37.049282+00:00 DEBUG 'ansible_navigator.main' Looking in /home/ansible
2025-07-08T10:53:37.049299+00:00 DEBUG 'ansible_navigator.main' Looking for '/home/ansible/.ansible-navigator.yml', '/home/ansible/.ansible-navigator.yaml' and '/home/ansible/.ansible-navigator.json'
2025-07-08T10:53:37.049316+00:00 DEBUG 'ansible_navigator.main' Found 0: 
2025-07-08T10:53:37.049333+00:00 DEBUG 'ansible_navigator.main' Looking in /home/ansible/ansible/roles
2025-07-08T10:53:37.049350+00:00 DEBUG 'ansible_navigator.main' Looking for '/home/ansible/ansible/roles/ansible-navigator.yml', '/home/ansible/ansible/roles/ansible-navigator.yaml' and '/home/ansible/ansible/roles/ansible-navigator.json'
2025-07-08T10:53:37.049367+00:00 DEBUG 'ansible_navigator.main' Found 0: 
2025-07-08T10:53:37.049401+00:00 DEBUG 'ansible_navigator.main' All found 0: 
2025-07-08T10:53:37.049423+00:00 DEBUG 'ansible_navigator.main' Using: None
2025-07-08T10:53:37.049440+00:00 DEBUG 'ansible_navigator.main' No valid settings file found, using all default values for settings.
2025-07-08T10:53:37.049457+00:00 DEBUG 'ansible_navigator.main' Command provided: 'run -m stdout --config'
2025-07-08T10:53:37.049474+00:00 DEBUG 'ansible_navigator.main' EE support enabled: using current working directory for 'ansible.cfg'
2025-07-08T10:53:37.049491+00:00 INFO 'ansible_navigator.main' EE support enabled: no 'ansible.cfg' found in current working directory. Tried /home/ansible/ansible/roles/ansible.cfg
2025-07-08T10:53:37.049509+00:00 DEBUG 'ansible_navigator.main' Completed post processing for ansible_runner_artifact_dir. (changed=False)
2025-07-08T10:53:37.049525+00:00 DEBUG 'ansible_navigator.main' Completed post processing for ansible_runner_rotate_artifacts_count. (changed=False)
2025-07-08T10:53:37.049543+00:00 DEBUG 'ansible_navigator.main' Completed post processing for ansible_runner_timeout. (changed=False)
2025-07-08T10:53:37.049559+00:00 DEBUG 'ansible_navigator.main' Completed post processing for cmdline. (changed=False)
2025-07-08T10:53:37.049576+00:00 DEBUG 'ansible_navigator.main' Completed post processing for collection_doc_cache_path. (changed=False)
2025-07-08T10:53:37.049598+00:00 DEBUG 'ansible_navigator.main' Completed post processing for container_engine. (changed=True)
2025-07-08T10:53:37.049615+00:00 DEBUG 'ansible_navigator.main'  before: 'auto'
2025-07-08T10:53:37.049633+00:00 DEBUG 'ansible_navigator.main'  after: 'podman'
2025-07-08T10:53:37.049650+00:00 DEBUG 'ansible_navigator.main' Completed post processing for container_options. (changed=False)
2025-07-08T10:53:37.049667+00:00 DEBUG 'ansible_navigator.main' Completed post processing for display_color. (changed=False)
2025-07-08T10:53:37.049684+00:00 DEBUG 'ansible_navigator.main' Completed post processing for enable_prompts. (changed=False)
2025-07-08T10:53:37.049701+00:00 DEBUG 'ansible_navigator.main' Completed post processing for execution_environment. (changed=False)
2025-07-08T10:53:37.049718+00:00 DEBUG 'ansible_navigator.main' Completed post processing for execution_environment_image. (changed=False)
2025-07-08T10:53:37.049735+00:00 DEBUG 'ansible_navigator.main' Completed post processing for help_builder. (changed=False)
2025-07-08T10:53:37.049752+00:00 DEBUG 'ansible_navigator.main' Completed post processing for help_config. (changed=False)
2025-07-08T10:53:37.049769+00:00 DEBUG 'ansible_navigator.main' Completed post processing for help_doc. (changed=False)
2025-07-08T10:53:37.049786+00:00 DEBUG 'ansible_navigator.main' Completed post processing for help_inventory. (changed=False)
2025-07-08T10:53:37.049803+00:00 DEBUG 'ansible_navigator.main' Completed post processing for help_playbook. (changed=False)
2025-07-08T10:53:37.049820+00:00 DEBUG 'ansible_navigator.main' Completed post processing for images_details. (changed=False)
2025-07-08T10:53:37.049837+00:00 DEBUG 'ansible_navigator.main' Completed post processing for inventory. (changed=False)
2025-07-08T10:53:37.049853+00:00 DEBUG 'ansible_navigator.main' Completed post processing for inventory_column. (changed=False)
2025-07-08T10:53:37.049870+00:00 DEBUG 'ansible_navigator.main' Completed post processing for log_file. (changed=False)
2025-07-08T10:53:37.049917+00:00 DEBUG 'ansible_navigator.main' Completed post processing for pass_environment_variable. (changed=False)
2025-07-08T10:53:37.049938+00:00 DEBUG 'ansible_navigator.main' Completed post processing for playbook. (changed=False)
2025-07-08T10:53:37.049956+00:00 DEBUG 'ansible_navigator.main' Completed post processing for playbook_artifact_replay. (changed=False)
2025-07-08T10:53:37.049975+00:00 DEBUG 'ansible_navigator.main' Completed post processing for playbook_artifact_save_as. (changed=False)
2025-07-08T10:53:37.049994+00:00 DEBUG 'ansible_navigator.main' Completed post processing for plugin_name. (changed=False)
2025-07-08T10:53:37.050011+00:00 DEBUG 'ansible_navigator.main' Completed post processing for pull_arguments. (changed=False)
2025-07-08T10:53:37.050028+00:00 DEBUG 'ansible_navigator.main' Completed post processing for set_environment_variable. (changed=False)
2025-07-08T10:53:37.050045+00:00 DEBUG 'ansible_navigator.main' Completed post processing for settings_effective. (changed=False)
2025-07-08T10:53:37.050062+00:00 DEBUG 'ansible_navigator.main' Completed post processing for settings_sample. (changed=False)
2025-07-08T10:53:37.050079+00:00 DEBUG 'ansible_navigator.main' Completed post processing for settings_schema. (changed=False)
2025-07-08T10:53:37.050095+00:00 DEBUG 'ansible_navigator.main' Completed post processing for settings_sources. (changed=False)
2025-07-08T10:53:37.050112+00:00 DEBUG 'ansible_navigator.main' Completed post processing for time_zone. (changed=False)
2025-07-08T10:53:37.050129+00:00 DEBUG 'ansible_navigator.main' Completed post processing for execution_environment_volume_mounts. (changed=False)
2025-07-08T10:53:37.050146+00:00 DEBUG 'ansible_navigator.main' Completed post processing for mode. (changed=False)
2025-07-08T10:53:37.050164+00:00 DEBUG 'ansible_navigator.main' Completed post processing for playbook_artifact_enable. (changed=False)
2025-07-08T10:53:37.050182+00:00 WARNING 'ansible_navigator.main' Configuration errors encountered, rolling back to previous configuration.
2025-07-08T10:53:37.050205+00:00 DEBUG 'ansible_navigator.main' Prior to rollback: ansible_runner_artifact_dir = 'Not set' (Constants/Not set)
2025-07-08T10:53:37.050223+00:00 DEBUG 'ansible_navigator.main' Prior to rollback: ansible_runner_rotate_artifacts_count = 'Not set' (Constants/Not set)
2025-07-08T10:53:37.050240+00:00 DEBUG 'ansible_navigator.main' Prior to rollback: ansible_runner_timeout = 'Not set' (Constants/Not set)
2025-07-08T10:53:37.050257+00:00 DEBUG 'ansible_navigator.main' Prior to rollback: ansible_runner_write_job_events = 'False' (bool/Defaults)
2025-07-08T10:53:37.050273+00:00 DEBUG 'ansible_navigator.main' Prior to rollback: app = 'run' (str/Command line)
2025-07-08T10:53:37.050291+00:00 DEBUG 'ansible_navigator.main' Prior to rollback: cmdline = '['--config']' (list/Command line)
2025-07-08T10:53:37.050308+00:00 DEBUG 'ansible_navigator.main' Prior to rollback: collection_doc_cache_path = '/home/ansible/.cache/ansible-navigator/collection_doc_cache.db' (str/Defaults)
2025-07-08T10:53:37.050325+00:00 DEBUG 'ansible_navigator.main' Prior to rollback: config = 'Not set' (Constants/Not set)
2025-07-08T10:53:37.050342+00:00 DEBUG 'ansible_navigator.main' Prior to rollback: container_engine = 'podman' (str/Automatically determined)
2025-07-08T10:53:37.050359+00:00 DEBUG 'ansible_navigator.main' Prior to rollback: container_options = 'Not set' (Constants/Not set)
2025-07-08T10:53:37.050376+00:00 DEBUG 'ansible_navigator.main' Prior to rollback: display_color = 'True' (bool/Defaults)
2025-07-08T10:53:37.050414+00:00 DEBUG 'ansible_navigator.main' Prior to rollback: editor_command = 'vi +{line_number} {filename}' (str/Defaults)
2025-07-08T10:53:37.050432+00:00 DEBUG 'ansible_navigator.main' Prior to rollback: editor_console = 'True' (bool/Defaults)
2025-07-08T10:53:37.050449+00:00 DEBUG 'ansible_navigator.main' Prior to rollback: enable_prompts = 'False' (bool/Defaults)
2025-07-08T10:53:37.050466+00:00 DEBUG 'ansible_navigator.main' Prior to rollback: exec_command = '/bin/bash' (str/Defaults)
2025-07-08T10:53:37.050483+00:00 DEBUG 'ansible_navigator.main' Prior to rollback: exec_shell = 'True' (bool/Defaults)
2025-07-08T10:53:37.050500+00:00 DEBUG 'ansible_navigator.main' Prior to rollback: execution_environment = 'True' (bool/Defaults)
2025-07-08T10:53:37.050517+00:00 DEBUG 'ansible_navigator.main' Prior to rollback: execution_environment_image = 'ghcr.io/ansible/creator-ee:v0.22.0' (str/Defaults)
2025-07-08T10:53:37.050534+00:00 DEBUG 'ansible_navigator.main' Prior to rollback: execution_environment_volume_mounts = 'Not set' (Constants/Not set)
2025-07-08T10:53:37.050551+00:00 DEBUG 'ansible_navigator.main' Prior to rollback: format = 'yaml' (str/Defaults)
2025-07-08T10:53:37.050568+00:00 DEBUG 'ansible_navigator.main' Prior to rollback: help_builder = 'False' (bool/Defaults)
2025-07-08T10:53:37.050585+00:00 DEBUG 'ansible_navigator.main' Prior to rollback: help_config = 'False' (bool/Defaults)
2025-07-08T10:53:37.050602+00:00 DEBUG 'ansible_navigator.main' Prior to rollback: help_doc = 'False' (bool/Defaults)
2025-07-08T10:53:37.050619+00:00 DEBUG 'ansible_navigator.main' Prior to rollback: help_inventory = 'False' (bool/Defaults)
2025-07-08T10:53:37.050636+00:00 DEBUG 'ansible_navigator.main' Prior to rollback: help_playbook = 'False' (bool/Defaults)
2025-07-08T10:53:37.050652+00:00 DEBUG 'ansible_navigator.main' Prior to rollback: images_details = '['everything']' (list/Defaults)
2025-07-08T10:53:37.050669+00:00 DEBUG 'ansible_navigator.main' Prior to rollback: inventory = 'Not set' (Constants/Not set)
2025-07-08T10:53:37.050686+00:00 DEBUG 'ansible_navigator.main' Prior to rollback: inventory_column = 'Not set' (Constants/Not set)
2025-07-08T10:53:37.050703+00:00 DEBUG 'ansible_navigator.main' Prior to rollback: lint_config = 'Not set' (Constants/Not set)
2025-07-08T10:53:37.050720+00:00 DEBUG 'ansible_navigator.main' Prior to rollback: lintables = 'Not set' (Constants/Not set)
2025-07-08T10:53:37.050737+00:00 DEBUG 'ansible_navigator.main' Prior to rollback: log_append = 'True' (bool/Defaults)
2025-07-08T10:53:37.050758+00:00 DEBUG 'ansible_navigator.main' Prior to rollback: log_file = '/home/ansible/ansible/roles/ansible-navigator.log' (str/Defaults)
2025-07-08T10:53:37.050776+00:00 DEBUG 'ansible_navigator.main' Prior to rollback: log_level = 'warning' (str/Defaults)
2025-07-08T10:53:37.050793+00:00 DEBUG 'ansible_navigator.main' Prior to rollback: mode = 'stdout' (str/Command line)
2025-07-08T10:53:37.050810+00:00 DEBUG 'ansible_navigator.main' Prior to rollback: osc4 = 'True' (bool/Defaults)
2025-07-08T10:53:37.050827+00:00 DEBUG 'ansible_navigator.main' Prior to rollback: pass_environment_variable = 'Not set' (Constants/Not set)
2025-07-08T10:53:37.050843+00:00 DEBUG 'ansible_navigator.main' Prior to rollback: playbook = 'Not set' (Constants/Not set)
2025-07-08T10:53:37.050860+00:00 DEBUG 'ansible_navigator.main' Prior to rollback: playbook_artifact_enable = 'True' (bool/Defaults)
2025-07-08T10:53:37.050877+00:00 DEBUG 'ansible_navigator.main' Prior to rollback: playbook_artifact_replay = 'Not set' (Constants/Not set)
2025-07-08T10:53:37.050927+00:00 DEBUG 'ansible_navigator.main' Prior to rollback: playbook_artifact_save_as = '{playbook_dir}/{playbook_name}-artifact-{time_stamp}.json' (str/Defaults)
2025-07-08T10:53:37.050949+00:00 DEBUG 'ansible_navigator.main' Prior to rollback: plugin_name = 'Not set' (Constants/Not set)
2025-07-08T10:53:37.050968+00:00 DEBUG 'ansible_navigator.main' Prior to rollback: plugin_type = 'module' (str/Defaults)
2025-07-08T10:53:37.050986+00:00 DEBUG 'ansible_navigator.main' Prior to rollback: pull_arguments = 'Not set' (Constants/Not set)
2025-07-08T10:53:37.051002+00:00 DEBUG 'ansible_navigator.main' Prior to rollback: pull_policy = 'tag' (str/Defaults)
2025-07-08T10:53:37.051020+00:00 DEBUG 'ansible_navigator.main' Prior to rollback: set_environment_variable = 'Not set' (Constants/Not set)
2025-07-08T10:53:37.051037+00:00 DEBUG 'ansible_navigator.main' Prior to rollback: settings_effective = 'False' (bool/Defaults)
2025-07-08T10:53:37.051054+00:00 DEBUG 'ansible_navigator.main' Prior to rollback: settings_sample = 'False' (bool/Defaults)
2025-07-08T10:53:37.051071+00:00 DEBUG 'ansible_navigator.main' Prior to rollback: settings_schema = 'json' (str/Defaults)
2025-07-08T10:53:37.051088+00:00 DEBUG 'ansible_navigator.main' Prior to rollback: settings_sources = 'False' (bool/Defaults)
2025-07-08T10:53:37.051105+00:00 DEBUG 'ansible_navigator.main' Prior to rollback: time_zone = 'UTC' (str/Defaults)
2025-07-08T10:53:37.051121+00:00 DEBUG 'ansible_navigator.main' Prior to rollback: workdir = '/home/ansible/ansible/roles' (str/Defaults)
2025-07-08T10:53:37.051139+00:00 DEBUG 'ansible_navigator.main' After rollback: ansible_runner_artifact_dir = 'Not set' (Constants/Not set)
2025-07-08T10:53:37.051156+00:00 DEBUG 'ansible_navigator.main' After rollback: ansible_runner_rotate_artifacts_count = 'Not set' (Constants/Not set)
2025-07-08T10:53:37.051172+00:00 DEBUG 'ansible_navigator.main' After rollback: ansible_runner_timeout = 'Not set' (Constants/Not set)
2025-07-08T10:53:37.051189+00:00 DEBUG 'ansible_navigator.main' After rollback: ansible_runner_write_job_events = 'Not set' (Constants/Not set)
2025-07-08T10:53:37.051206+00:00 DEBUG 'ansible_navigator.main' After rollback: app = 'Not set' (Constants/Not set)
2025-07-08T10:53:37.051223+00:00 DEBUG 'ansible_navigator.main' After rollback: cmdline = 'Not set' (Constants/Not set)
2025-07-08T10:53:37.051239+00:00 DEBUG 'ansible_navigator.main' After rollback: collection_doc_cache_path = 'Not set' (Constants/Not set)
2025-07-08T10:53:37.051257+00:00 DEBUG 'ansible_navigator.main' After rollback: config = 'Not set' (Constants/Not set)
2025-07-08T10:53:37.051274+00:00 DEBUG 'ansible_navigator.main' After rollback: container_engine = 'Not set' (Constants/Not set)
2025-07-08T10:53:37.051291+00:00 DEBUG 'ansible_navigator.main' After rollback: container_options = 'Not set' (Constants/Not set)
2025-07-08T10:53:37.051308+00:00 DEBUG 'ansible_navigator.main' After rollback: display_color = 'Not set' (Constants/Not set)
2025-07-08T10:53:37.051329+00:00 DEBUG 'ansible_navigator.main' After rollback: editor_command = 'Not set' (Constants/Not set)
2025-07-08T10:53:37.051347+00:00 DEBUG 'ansible_navigator.main' After rollback: editor_console = 'Not set' (Constants/Not set)
2025-07-08T10:53:37.051364+00:00 DEBUG 'ansible_navigator.main' After rollback: enable_prompts = 'Not set' (Constants/Not set)
2025-07-08T10:53:37.051394+00:00 DEBUG 'ansible_navigator.main' After rollback: exec_command = 'Not set' (Constants/Not set)
2025-07-08T10:53:37.051419+00:00 DEBUG 'ansible_navigator.main' After rollback: exec_shell = 'Not set' (Constants/Not set)
2025-07-08T10:53:37.051437+00:00 DEBUG 'ansible_navigator.main' After rollback: execution_environment = 'Not set' (Constants/Not set)
2025-07-08T10:53:37.051454+00:00 DEBUG 'ansible_navigator.main' After rollback: execution_environment_image = 'Not set' (Constants/Not set)
2025-07-08T10:53:37.051471+00:00 DEBUG 'ansible_navigator.main' After rollback: execution_environment_volume_mounts = 'Not set' (Constants/Not set)
2025-07-08T10:53:37.051488+00:00 DEBUG 'ansible_navigator.main' After rollback: format = 'Not set' (Constants/Not set)
2025-07-08T10:53:37.051505+00:00 DEBUG 'ansible_navigator.main' After rollback: help_builder = 'Not set' (Constants/Not set)
2025-07-08T10:53:37.051522+00:00 DEBUG 'ansible_navigator.main' After rollback: help_config = 'Not set' (Constants/Not set)
2025-07-08T10:53:37.051539+00:00 DEBUG 'ansible_navigator.main' After rollback: help_doc = 'Not set' (Constants/Not set)
2025-07-08T10:53:37.051555+00:00 DEBUG 'ansible_navigator.main' After rollback: help_inventory = 'Not set' (Constants/Not set)
2025-07-08T10:53:37.051572+00:00 DEBUG 'ansible_navigator.main' After rollback: help_playbook = 'Not set' (Constants/Not set)
2025-07-08T10:53:37.051589+00:00 DEBUG 'ansible_navigator.main' After rollback: images_details = 'Not set' (Constants/Not set)
2025-07-08T10:53:37.051606+00:00 DEBUG 'ansible_navigator.main' After rollback: inventory = 'Not set' (Constants/Not set)
2025-07-08T10:53:37.051623+00:00 DEBUG 'ansible_navigator.main' After rollback: inventory_column = 'Not set' (Constants/Not set)
2025-07-08T10:53:37.051640+00:00 DEBUG 'ansible_navigator.main' After rollback: lint_config = 'Not set' (Constants/Not set)
2025-07-08T10:53:37.051656+00:00 DEBUG 'ansible_navigator.main' After rollback: lintables = 'Not set' (Constants/Not set)
2025-07-08T10:53:37.051673+00:00 DEBUG 'ansible_navigator.main' After rollback: log_append = 'Not set' (Constants/Not set)
2025-07-08T10:53:37.051691+00:00 DEBUG 'ansible_navigator.main' After rollback: log_file = 'Not set' (Constants/Not set)
2025-07-08T10:53:37.051707+00:00 DEBUG 'ansible_navigator.main' After rollback: log_level = 'Not set' (Constants/Not set)
2025-07-08T10:53:37.051723+00:00 DEBUG 'ansible_navigator.main' After rollback: mode = 'Not set' (Constants/Not set)
2025-07-08T10:53:37.051740+00:00 DEBUG 'ansible_navigator.main' After rollback: osc4 = 'Not set' (Constants/Not set)
2025-07-08T10:53:37.051758+00:00 DEBUG 'ansible_navigator.main' After rollback: pass_environment_variable = 'Not set' (Constants/Not set)
2025-07-08T10:53:37.051774+00:00 DEBUG 'ansible_navigator.main' After rollback: playbook = 'Not set' (Constants/Not set)
2025-07-08T10:53:37.051791+00:00 DEBUG 'ansible_navigator.main' After rollback: playbook_artifact_enable = 'Not set' (Constants/Not set)
2025-07-08T10:53:37.051808+00:00 DEBUG 'ansible_navigator.main' After rollback: playbook_artifact_replay = 'Not set' (Constants/Not set)
2025-07-08T10:53:37.051825+00:00 DEBUG 'ansible_navigator.main' After rollback: playbook_artifact_save_as = 'Not set' (Constants/Not set)
2025-07-08T10:53:37.051842+00:00 DEBUG 'ansible_navigator.main' After rollback: plugin_name = 'Not set' (Constants/Not set)
2025-07-08T10:53:37.051859+00:00 DEBUG 'ansible_navigator.main' After rollback: plugin_type = 'Not set' (Constants/Not set)
2025-07-08T10:53:37.051876+00:00 DEBUG 'ansible_navigator.main' After rollback: pull_arguments = 'Not set' (Constants/Not set)
2025-07-08T10:53:37.051924+00:00 DEBUG 'ansible_navigator.main' After rollback: pull_policy = 'Not set' (Constants/Not set)
2025-07-08T10:53:37.051973+00:00 DEBUG 'ansible_navigator.main' After rollback: set_environment_variable = 'Not set' (Constants/Not set)
2025-07-08T10:53:37.052077+00:00 DEBUG 'ansible_navigator.main' After rollback: settings_effective = 'Not set' (Constants/Not set)
2025-07-08T10:53:37.052105+00:00 DEBUG 'ansible_navigator.main' After rollback: settings_sample = 'Not set' (Constants/Not set)
2025-07-08T10:53:37.052128+00:00 DEBUG 'ansible_navigator.main' After rollback: settings_schema = 'Not set' (Constants/Not set)
2025-07-08T10:53:37.052150+00:00 DEBUG 'ansible_navigator.main' After rollback: settings_sources = 'Not set' (Constants/Not set)
2025-07-08T10:53:37.052171+00:00 DEBUG 'ansible_navigator.main' After rollback: time_zone = 'Not set' (Constants/Not set)
2025-07-08T10:53:37.052192+00:00 DEBUG 'ansible_navigator.main' After rollback: workdir = 'Not set' (Constants/Not set)
2025-07-08T10:53:37.052213+00:00 DEBUG 'ansible_navigator.main' Configuration rollback complete.
2025-07-08T10:53:37.052235+00:00 DEBUG 'ansible_navigator.main' Collection doc cache not mounted
2025-07-08T10:53:37.052264+00:00 WARNING 'ansible_navigator.main' Issues were found while applying the settings.
2025-07-08T10:53:37.052289+00:00 INFO 'ansible_navigator.main' Command provided: 'run -m stdout --config'
2025-07-08T10:53:37.052316+00:00 ERROR 'ansible_navigator.main' A playbook is required when using the run subcommand
2025-07-08T10:53:37.052341+00:00 INFO 'ansible_navigator.main' Try again with 'run <playbook name>'
2025-07-08T10:53:37.052365+00:00 INFO 'ansible_navigator.main' Configuration failed, using default log file location. (/home/ansible/ansible/roles/ansible-navigator.log) Log level set to debug
2025-07-08T10:53:37.052413+00:00 INFO 'ansible_navigator.main' Review the hints and log file to see what went wrong.
2025-07-08T10:54:50.536056+00:00 WARNING 'ansible_navigator.image_manager.puller._log_message' Image inspection failed, image assumed to be corrupted or missing
2025-07-08T10:54:50.536615+00:00 WARNING 'ansible_navigator.image_manager.puller._log_message' stdout: []

2025-07-08T10:54:50.536657+00:00 WARNING 'ansible_navigator.image_manager.puller._log_message' stderr: Error: ghcr.io/ansible/creator-ee:v0.22.0: image not known

2025-07-13T16:44:53.927341+00:00 INFO 'ansible_navigator.setup_logger' New ansible-navigator instance, logging initialized
2025-07-13T16:44:53.959237+00:00 INFO 'ansible_navigator.setup_logger' New ansible-runner instance, logging initialized
2025-07-13T16:44:53.959328+00:00 DEBUG 'ansible_navigator.main' Jinja2==3.1.6 
2025-07-13T16:44:53.959359+00:00 DEBUG 'ansible_navigator.main' MarkupSafe==3.0.2 
2025-07-13T16:44:53.959380+00:00 DEBUG 'ansible_navigator.main' Parsley==1.3 
2025-07-13T16:44:53.959399+00:00 DEBUG 'ansible_navigator.main' PySocks==1.7.1 
2025-07-13T16:44:53.959419+00:00 DEBUG 'ansible_navigator.main' PyYAML==5.4.1 
2025-07-13T16:44:53.959438+00:00 DEBUG 'ansible_navigator.main' Pygments==2.19.2 
2025-07-13T16:44:53.959457+00:00 DEBUG 'ansible_navigator.main' ansible-builder==3.1.0 
2025-07-13T16:44:53.959476+00:00 DEBUG 'ansible_navigator.main' ansible-compat==24.10.0 
2025-07-13T16:44:53.959494+00:00 DEBUG 'ansible_navigator.main' ansible-core==2.14.18 
2025-07-13T16:44:53.959512+00:00 DEBUG 'ansible_navigator.main' ansible-lint==6.22.2 
2025-07-13T16:44:53.959531+00:00 DEBUG 'ansible_navigator.main' ansible-navigator==24.2.0 
2025-07-13T16:44:53.959548+00:00 DEBUG 'ansible_navigator.main' ansible-runner==2.4.1 
2025-07-13T16:44:53.959566+00:00 DEBUG 'ansible_navigator.main' ansible==7.7.0 /usr/lib/python3.9/site-packages/ansible/__init__.py
2025-07-13T16:44:53.959585+00:00 DEBUG 'ansible_navigator.main' attrs==25.3.0 /home/ansible/.local/lib/python3.9/site-packages/attrs/__init__.py
2025-07-13T16:44:53.959603+00:00 DEBUG 'ansible_navigator.main' bindep==2.13.0 /home/ansible/.local/lib/python3.9/site-packages/bindep/__init__.py
2025-07-13T16:44:53.959656+00:00 DEBUG 'ansible_navigator.main' black==25.1.0 /home/ansible/.local/lib/python3.9/site-packages/black/__init__.cpython-39-x86_64-linux-gnu.so
2025-07-13T16:44:53.959688+00:00 DEBUG 'ansible_navigator.main' bracex==2.6 /home/ansible/.local/lib/python3.9/site-packages/bracex/__init__.py
2025-07-13T16:44:53.959708+00:00 DEBUG 'ansible_navigator.main' cffi==1.14.5 /usr/lib64/python3.9/site-packages/cffi/__init__.py
2025-07-13T16:44:53.959726+00:00 DEBUG 'ansible_navigator.main' chardet==4.0.0 /usr/lib/python3.9/site-packages/chardet/__init__.py
2025-07-13T16:44:53.959744+00:00 DEBUG 'ansible_navigator.main' click==8.1.8 /home/ansible/.local/lib/python3.9/site-packages/click/__init__.py
2025-07-13T16:44:53.959763+00:00 DEBUG 'ansible_navigator.main' cockpit==334.1 /usr/lib/python3.9/site-packages/cockpit/__init__.py
2025-07-13T16:44:53.959781+00:00 DEBUG 'ansible_navigator.main' cryptography==36.0.1 /usr/lib64/python3.9/site-packages/cryptography/__init__.py
2025-07-13T16:44:53.959799+00:00 DEBUG 'ansible_navigator.main' dasbus==1.4 /usr/lib/python3.9/site-packages/dasbus/__init__.py
2025-07-13T16:44:53.959817+00:00 DEBUG 'ansible_navigator.main' dbus-python==1.2.18 
2025-07-13T16:44:53.959835+00:00 DEBUG 'ansible_navigator.main' distro==1.9.0 /home/ansible/.local/lib/python3.9/site-packages/distro/__init__.py
2025-07-13T16:44:53.959854+00:00 DEBUG 'ansible_navigator.main' file-magic==0.4.0 
2025-07-13T16:44:53.959872+00:00 DEBUG 'ansible_navigator.main' filelock==3.18.0 /home/ansible/.local/lib/python3.9/site-packages/filelock/__init__.py
2025-07-13T16:44:53.959890+00:00 DEBUG 'ansible_navigator.main' idna==2.10 /usr/lib/python3.9/site-packages/idna/__init__.py
2025-07-13T16:44:53.959909+00:00 DEBUG 'ansible_navigator.main' importlib-metadata==6.2.1 
2025-07-13T16:44:53.959927+00:00 DEBUG 'ansible_navigator.main' jsonschema-specifications==2025.4.1 
2025-07-13T16:44:53.959945+00:00 DEBUG 'ansible_navigator.main' jsonschema==4.24.0 /home/ansible/.local/lib/python3.9/site-packages/jsonschema/__init__.py
2025-07-13T16:44:53.959964+00:00 DEBUG 'ansible_navigator.main' lockfile==0.12.2 /home/ansible/.local/lib/python3.9/site-packages/lockfile/__init__.py
2025-07-13T16:44:53.959982+00:00 DEBUG 'ansible_navigator.main' lxml==4.6.5 /usr/lib64/python3.9/site-packages/lxml/__init__.py
2025-07-13T16:44:53.960001+00:00 DEBUG 'ansible_navigator.main' markdown-it-py==3.0.0 
2025-07-13T16:44:53.960018+00:00 DEBUG 'ansible_navigator.main' mdurl==0.1.2 /home/ansible/.local/lib/python3.9/site-packages/mdurl/__init__.py
2025-07-13T16:44:53.960037+00:00 DEBUG 'ansible_navigator.main' mypy_extensions==1.1.0 /home/ansible/.local/lib/python3.9/site-packages/mypy_extensions.py
2025-07-13T16:44:53.960055+00:00 DEBUG 'ansible_navigator.main' nftables==0.1 /usr/lib/python3.9/site-packages/nftables/__init__.py
2025-07-13T16:44:53.960073+00:00 DEBUG 'ansible_navigator.main' onigurumacffi==1.4.1 /home/ansible/.local/lib/python3.9/site-packages/onigurumacffi.py
2025-07-13T16:44:53.960092+00:00 DEBUG 'ansible_navigator.main' packaging==25.0 /home/ansible/.local/lib/python3.9/site-packages/packaging/__init__.py
2025-07-13T16:44:53.960110+00:00 DEBUG 'ansible_navigator.main' pathspec==0.12.1 /home/ansible/.local/lib/python3.9/site-packages/pathspec/__init__.py
2025-07-13T16:44:53.960151+00:00 DEBUG 'ansible_navigator.main' pbr==6.1.1 /home/ansible/.local/lib/python3.9/site-packages/pbr/__init__.py
2025-07-13T16:44:53.960170+00:00 DEBUG 'ansible_navigator.main' perf==0.1 /usr/lib64/python3.9/site-packages/perf.cpython-39-x86_64-linux-gnu.so
2025-07-13T16:44:53.960189+00:00 DEBUG 'ansible_navigator.main' pip==21.3.1 /usr/lib/python3.9/site-packages/pip/__init__.py
2025-07-13T16:44:53.960207+00:00 DEBUG 'ansible_navigator.main' platformdirs==4.3.8 /home/ansible/.local/lib/python3.9/site-packages/platformdirs/__init__.py
2025-07-13T16:44:53.960226+00:00 DEBUG 'ansible_navigator.main' ply==3.11 /usr/lib/python3.9/site-packages/ply/__init__.py
2025-07-13T16:44:53.960244+00:00 DEBUG 'ansible_navigator.main' psutil==5.8.0 /usr/lib64/python3.9/site-packages/psutil/__init__.py
2025-07-13T16:44:53.960263+00:00 DEBUG 'ansible_navigator.main' pycairo==1.20.1 
2025-07-13T16:44:53.960287+00:00 DEBUG 'ansible_navigator.main' pycparser==2.20 /usr/lib/python3.9/site-packages/pycparser/__init__.py
2025-07-13T16:44:53.960306+00:00 DEBUG 'ansible_navigator.main' pyinotify==0.9.6 /usr/lib/python3.9/site-packages/pyinotify.py
2025-07-13T16:44:53.960325+00:00 DEBUG 'ansible_navigator.main' pyparsing==2.4.7 /usr/lib/python3.9/site-packages/pyparsing.py
2025-07-13T16:44:53.960343+00:00 DEBUG 'ansible_navigator.main' python-daemon==3.1.2 
2025-07-13T16:44:53.960361+00:00 DEBUG 'ansible_navigator.main' python-dateutil==2.8.1 
2025-07-13T16:44:53.960379+00:00 DEBUG 'ansible_navigator.main' python-linux-procfs==0.7.3 
2025-07-13T16:44:53.960397+00:00 DEBUG 'ansible_navigator.main' pyudev==0.22.0 /usr/lib/python3.9/site-packages/pyudev/__init__.py
2025-07-13T16:44:53.960415+00:00 DEBUG 'ansible_navigator.main' referencing==0.36.2 /home/ansible/.local/lib/python3.9/site-packages/referencing/__init__.py
2025-07-13T16:44:53.960433+00:00 DEBUG 'ansible_navigator.main' requests==2.25.1 /usr/lib/python3.9/site-packages/requests/__init__.py
2025-07-13T16:44:53.960451+00:00 DEBUG 'ansible_navigator.main' resolvelib==0.5.4 /usr/lib/python3.9/site-packages/resolvelib/__init__.py
2025-07-13T16:44:53.960469+00:00 DEBUG 'ansible_navigator.main' rich==14.0.0 /home/ansible/.local/lib/python3.9/site-packages/rich/__init__.py
2025-07-13T16:44:53.960487+00:00 DEBUG 'ansible_navigator.main' rpds-py==0.26.0 
2025-07-13T16:44:53.960505+00:00 DEBUG 'ansible_navigator.main' ruamel.yaml.clib==0.2.12 
2025-07-13T16:44:53.960524+00:00 DEBUG 'ansible_navigator.main' ruamel.yaml==0.18.14 /home/ansible/.local/lib/python3.9/site-packages/ruamel/yaml/__init__.py
2025-07-13T16:44:53.960543+00:00 DEBUG 'ansible_navigator.main' selinux==3.6 /usr/lib64/python3.9/site-packages/selinux/__init__.py
2025-07-13T16:44:53.960561+00:00 DEBUG 'ansible_navigator.main' sepolicy==3.6 /usr/lib/python3.9/site-packages/sepolicy/__init__.py
2025-07-13T16:44:53.960579+00:00 DEBUG 'ansible_navigator.main' setools==4.4.4 /usr/lib64/python3.9/site-packages/setools/__init__.py
2025-07-13T16:44:53.960597+00:00 DEBUG 'ansible_navigator.main' setroubleshoot==3.3.33 /usr/lib/python3.9/site-packages/setroubleshoot/__init__.py
2025-07-13T16:44:53.960657+00:00 DEBUG 'ansible_navigator.main' setuptools==53.0.0 /usr/lib/python3.9/site-packages/setuptools/__init__.py
2025-07-13T16:44:53.960706+00:00 DEBUG 'ansible_navigator.main' six==1.15.0 /usr/lib/python3.9/site-packages/six.py
2025-07-13T16:44:53.960732+00:00 DEBUG 'ansible_navigator.main' sos==4.9.1 /usr/lib/python3.9/site-packages/sos/__init__.py
2025-07-13T16:44:53.960751+00:00 DEBUG 'ansible_navigator.main' subprocess-tee==0.4.2 
2025-07-13T16:44:53.960770+00:00 DEBUG 'ansible_navigator.main' tomli==2.2.1 /home/ansible/.local/lib/python3.9/site-packages/tomli/__init__.py
2025-07-13T16:44:53.960788+00:00 DEBUG 'ansible_navigator.main' typing_extensions==4.14.1 /home/ansible/.local/lib/python3.9/site-packages/typing_extensions.py
2025-07-13T16:44:53.960807+00:00 DEBUG 'ansible_navigator.main' tzdata==2025.2 /home/ansible/.local/lib/python3.9/site-packages/tzdata/__init__.py
2025-07-13T16:44:53.960825+00:00 DEBUG 'ansible_navigator.main' urllib3==1.26.5 /usr/lib/python3.9/site-packages/urllib3/__init__.py
2025-07-13T16:44:53.960843+00:00 DEBUG 'ansible_navigator.main' wcmatch==10.1 /home/ansible/.local/lib/python3.9/site-packages/wcmatch/__init__.py
2025-07-13T16:44:53.960861+00:00 DEBUG 'ansible_navigator.main' yamllint==1.37.1 /home/ansible/.local/lib/python3.9/site-packages/yamllint/__init__.py
2025-07-13T16:44:53.960880+00:00 DEBUG 'ansible_navigator.main' zipp==3.23.0 /home/ansible/.local/lib/python3.9/site-packages/zipp/__init__.py
2025-07-13T16:44:53.960899+00:00 DEBUG 'ansible_navigator.main' Default collection_doc_cache_path set to: /home/ansible/.cache/ansible-navigator/collection_doc_cache.db
2025-07-13T16:44:53.960917+00:00 DEBUG 'ansible_navigator.main' EDITOR environment variable not set
2025-07-13T16:44:53.960937+00:00 DEBUG 'ansible_navigator.main' Default editor_command set to: vi +{line_number} {filename}
2025-07-13T16:44:53.960960+00:00 DEBUG 'ansible_navigator.main' No config file set by ANSIBLE_NAVIGATOR_CONFIG
2025-07-13T16:44:53.960979+00:00 DEBUG 'ansible_navigator.main' Looking in /home/ansible
2025-07-13T16:44:53.960998+00:00 DEBUG 'ansible_navigator.main' Looking for '/home/ansible/.ansible-navigator.yml', '/home/ansible/.ansible-navigator.yaml' and '/home/ansible/.ansible-navigator.json'
2025-07-13T16:44:53.961018+00:00 DEBUG 'ansible_navigator.main' Found 0: 
2025-07-13T16:44:53.961036+00:00 DEBUG 'ansible_navigator.main' Looking in /home/ansible/ansible/roles
2025-07-13T16:44:53.961055+00:00 DEBUG 'ansible_navigator.main' Looking for '/home/ansible/ansible/roles/ansible-navigator.yml', '/home/ansible/ansible/roles/ansible-navigator.yaml' and '/home/ansible/ansible/roles/ansible-navigator.json'
2025-07-13T16:44:53.961074+00:00 DEBUG 'ansible_navigator.main' Found 0: 
2025-07-13T16:44:53.961092+00:00 DEBUG 'ansible_navigator.main' All found 0: 
2025-07-13T16:44:53.961110+00:00 DEBUG 'ansible_navigator.main' Using: None
2025-07-13T16:44:53.961150+00:00 DEBUG 'ansible_navigator.main' No valid settings file found, using all default values for settings.
2025-07-13T16:44:53.961171+00:00 DEBUG 'ansible_navigator.main' Command provided: '-m setup -a 'filter=*''
2025-07-13T16:44:53.961192+00:00 WARNING 'ansible_navigator.main' Configuration errors encountered, rolling back to previous configuration.
2025-07-13T16:44:53.961211+00:00 DEBUG 'ansible_navigator.main' Prior to rollback: ansible_runner_artifact_dir = 'Not set' (Constants/Not set)
2025-07-13T16:44:53.961230+00:00 DEBUG 'ansible_navigator.main' Prior to rollback: ansible_runner_rotate_artifacts_count = 'Not set' (Constants/Not set)
2025-07-13T16:44:53.961249+00:00 DEBUG 'ansible_navigator.main' Prior to rollback: ansible_runner_timeout = 'Not set' (Constants/Not set)
2025-07-13T16:44:53.961267+00:00 DEBUG 'ansible_navigator.main' Prior to rollback: ansible_runner_write_job_events = 'False' (bool/Defaults)
2025-07-13T16:44:53.961285+00:00 DEBUG 'ansible_navigator.main' Prior to rollback: app = 'welcome' (str/Defaults)
2025-07-13T16:44:53.961303+00:00 DEBUG 'ansible_navigator.main' Prior to rollback: cmdline = '['-m', 'setup', '-a', 'filter=*']' (list/Command line)
2025-07-13T16:44:53.961321+00:00 DEBUG 'ansible_navigator.main' Prior to rollback: collection_doc_cache_path = '/home/ansible/.cache/ansible-navigator/collection_doc_cache.db' (str/Defaults)
2025-07-13T16:44:53.961340+00:00 DEBUG 'ansible_navigator.main' Prior to rollback: config = 'Not set' (Constants/Not set)
2025-07-13T16:44:53.961358+00:00 DEBUG 'ansible_navigator.main' Prior to rollback: container_engine = 'auto' (str/Defaults)
2025-07-13T16:44:53.961376+00:00 DEBUG 'ansible_navigator.main' Prior to rollback: container_options = 'Not set' (Constants/Not set)
2025-07-13T16:44:53.961394+00:00 DEBUG 'ansible_navigator.main' Prior to rollback: display_color = 'True' (bool/Defaults)
2025-07-13T16:44:53.961412+00:00 DEBUG 'ansible_navigator.main' Prior to rollback: editor_command = 'vi +{line_number} {filename}' (str/Defaults)
2025-07-13T16:44:53.961430+00:00 DEBUG 'ansible_navigator.main' Prior to rollback: editor_console = 'True' (bool/Defaults)
2025-07-13T16:44:53.961448+00:00 DEBUG 'ansible_navigator.main' Prior to rollback: enable_prompts = 'False' (bool/Defaults)
2025-07-13T16:44:53.961465+00:00 DEBUG 'ansible_navigator.main' Prior to rollback: exec_command = '/bin/bash' (str/Defaults)
2025-07-13T16:44:53.961484+00:00 DEBUG 'ansible_navigator.main' Prior to rollback: exec_shell = 'True' (bool/Defaults)
2025-07-13T16:44:53.961502+00:00 DEBUG 'ansible_navigator.main' Prior to rollback: execution_environment = 'True' (bool/Defaults)
2025-07-13T16:44:53.961520+00:00 DEBUG 'ansible_navigator.main' Prior to rollback: execution_environment_image = 'ghcr.io/ansible/creator-ee:v0.22.0' (str/Defaults)
2025-07-13T16:44:53.961539+00:00 DEBUG 'ansible_navigator.main' Prior to rollback: execution_environment_volume_mounts = 'Not set' (Constants/Not set)
2025-07-13T16:44:53.961562+00:00 DEBUG 'ansible_navigator.main' Prior to rollback: format = 'yaml' (str/Defaults)
2025-07-13T16:44:53.961581+00:00 DEBUG 'ansible_navigator.main' Prior to rollback: help_builder = 'False' (bool/Defaults)
2025-07-13T16:44:53.961599+00:00 DEBUG 'ansible_navigator.main' Prior to rollback: help_config = 'False' (bool/Defaults)
2025-07-13T16:44:53.961640+00:00 DEBUG 'ansible_navigator.main' Prior to rollback: help_doc = 'False' (bool/Defaults)
2025-07-13T16:44:53.961670+00:00 DEBUG 'ansible_navigator.main' Prior to rollback: help_inventory = 'False' (bool/Defaults)
2025-07-13T16:44:53.961689+00:00 DEBUG 'ansible_navigator.main' Prior to rollback: help_playbook = 'False' (bool/Defaults)
2025-07-13T16:44:53.961707+00:00 DEBUG 'ansible_navigator.main' Prior to rollback: images_details = '['everything']' (list/Defaults)
2025-07-13T16:44:53.961726+00:00 DEBUG 'ansible_navigator.main' Prior to rollback: inventory = 'Not set' (Constants/Not set)
2025-07-13T16:44:53.961744+00:00 DEBUG 'ansible_navigator.main' Prior to rollback: inventory_column = 'Not set' (Constants/Not set)
2025-07-13T16:44:53.961763+00:00 DEBUG 'ansible_navigator.main' Prior to rollback: lint_config = 'Not set' (Constants/Not set)
2025-07-13T16:44:53.961781+00:00 DEBUG 'ansible_navigator.main' Prior to rollback: lintables = 'Not set' (Constants/Not set)
2025-07-13T16:44:53.961799+00:00 DEBUG 'ansible_navigator.main' Prior to rollback: log_append = 'True' (bool/Defaults)
2025-07-13T16:44:53.961817+00:00 DEBUG 'ansible_navigator.main' Prior to rollback: log_file = '/home/ansible/ansible/roles/ansible-navigator.log' (str/Defaults)
2025-07-13T16:44:53.961834+00:00 DEBUG 'ansible_navigator.main' Prior to rollback: log_level = 'warning' (str/Defaults)
2025-07-13T16:44:53.961853+00:00 DEBUG 'ansible_navigator.main' Prior to rollback: mode = 'setup' (str/Command line)
2025-07-13T16:44:53.961871+00:00 DEBUG 'ansible_navigator.main' Prior to rollback: osc4 = 'True' (bool/Defaults)
2025-07-13T16:44:53.961889+00:00 DEBUG 'ansible_navigator.main' Prior to rollback: pass_environment_variable = 'Not set' (Constants/Not set)
2025-07-13T16:44:53.961906+00:00 DEBUG 'ansible_navigator.main' Prior to rollback: playbook = 'Not set' (Constants/Not set)
2025-07-13T16:44:53.961925+00:00 DEBUG 'ansible_navigator.main' Prior to rollback: playbook_artifact_enable = 'True' (bool/Defaults)
2025-07-13T16:44:53.961943+00:00 DEBUG 'ansible_navigator.main' Prior to rollback: playbook_artifact_replay = 'Not set' (Constants/Not set)
2025-07-13T16:44:53.961961+00:00 DEBUG 'ansible_navigator.main' Prior to rollback: playbook_artifact_save_as = '{playbook_dir}/{playbook_name}-artifact-{time_stamp}.json' (str/Defaults)
2025-07-13T16:44:53.961979+00:00 DEBUG 'ansible_navigator.main' Prior to rollback: plugin_name = 'Not set' (Constants/Not set)
2025-07-13T16:44:53.961997+00:00 DEBUG 'ansible_navigator.main' Prior to rollback: plugin_type = 'module' (str/Defaults)
2025-07-13T16:44:53.962015+00:00 DEBUG 'ansible_navigator.main' Prior to rollback: pull_arguments = 'Not set' (Constants/Not set)
2025-07-13T16:44:53.962033+00:00 DEBUG 'ansible_navigator.main' Prior to rollback: pull_policy = 'tag' (str/Defaults)
2025-07-13T16:44:53.962051+00:00 DEBUG 'ansible_navigator.main' Prior to rollback: set_environment_variable = 'Not set' (Constants/Not set)
2025-07-13T16:44:53.962069+00:00 DEBUG 'ansible_navigator.main' Prior to rollback: settings_effective = 'False' (bool/Defaults)
2025-07-13T16:44:53.962087+00:00 DEBUG 'ansible_navigator.main' Prior to rollback: settings_sample = 'False' (bool/Defaults)
2025-07-13T16:44:53.962105+00:00 DEBUG 'ansible_navigator.main' Prior to rollback: settings_schema = 'json' (str/Defaults)
2025-07-13T16:44:53.962152+00:00 DEBUG 'ansible_navigator.main' Prior to rollback: settings_sources = 'False' (bool/Defaults)
2025-07-13T16:44:53.962175+00:00 DEBUG 'ansible_navigator.main' Prior to rollback: time_zone = 'UTC' (str/Defaults)
2025-07-13T16:44:53.962194+00:00 DEBUG 'ansible_navigator.main' Prior to rollback: workdir = '/home/ansible/ansible/roles' (str/Defaults)
2025-07-13T16:44:53.962217+00:00 DEBUG 'ansible_navigator.main' After rollback: ansible_runner_artifact_dir = 'Not set' (Constants/Not set)
2025-07-13T16:44:53.962236+00:00 DEBUG 'ansible_navigator.main' After rollback: ansible_runner_rotate_artifacts_count = 'Not set' (Constants/Not set)
2025-07-13T16:44:53.962255+00:00 DEBUG 'ansible_navigator.main' After rollback: ansible_runner_timeout = 'Not set' (Constants/Not set)
2025-07-13T16:44:53.962275+00:00 DEBUG 'ansible_navigator.main' After rollback: ansible_runner_write_job_events = 'Not set' (Constants/Not set)
2025-07-13T16:44:53.962296+00:00 DEBUG 'ansible_navigator.main' After rollback: app = 'Not set' (Constants/Not set)
2025-07-13T16:44:53.962315+00:00 DEBUG 'ansible_navigator.main' After rollback: cmdline = 'Not set' (Constants/Not set)
2025-07-13T16:44:53.962333+00:00 DEBUG 'ansible_navigator.main' After rollback: collection_doc_cache_path = 'Not set' (Constants/Not set)
2025-07-13T16:44:53.962351+00:00 DEBUG 'ansible_navigator.main' After rollback: config = 'Not set' (Constants/Not set)
2025-07-13T16:44:53.962369+00:00 DEBUG 'ansible_navigator.main' After rollback: container_engine = 'Not set' (Constants/Not set)
2025-07-13T16:44:53.962388+00:00 DEBUG 'ansible_navigator.main' After rollback: container_options = 'Not set' (Constants/Not set)
2025-07-13T16:44:53.962406+00:00 DEBUG 'ansible_navigator.main' After rollback: display_color = 'Not set' (Constants/Not set)
2025-07-13T16:44:53.962424+00:00 DEBUG 'ansible_navigator.main' After rollback: editor_command = 'Not set' (Constants/Not set)
2025-07-13T16:44:53.962441+00:00 DEBUG 'ansible_navigator.main' After rollback: editor_console = 'Not set' (Constants/Not set)
2025-07-13T16:44:53.962459+00:00 DEBUG 'ansible_navigator.main' After rollback: enable_prompts = 'Not set' (Constants/Not set)
2025-07-13T16:44:53.962477+00:00 DEBUG 'ansible_navigator.main' After rollback: exec_command = 'Not set' (Constants/Not set)
2025-07-13T16:44:53.962495+00:00 DEBUG 'ansible_navigator.main' After rollback: exec_shell = 'Not set' (Constants/Not set)
2025-07-13T16:44:53.962513+00:00 DEBUG 'ansible_navigator.main' After rollback: execution_environment = 'Not set' (Constants/Not set)
2025-07-13T16:44:53.962531+00:00 DEBUG 'ansible_navigator.main' After rollback: execution_environment_image = 'Not set' (Constants/Not set)
2025-07-13T16:44:53.962548+00:00 DEBUG 'ansible_navigator.main' After rollback: execution_environment_volume_mounts = 'Not set' (Constants/Not set)
2025-07-13T16:44:53.962566+00:00 DEBUG 'ansible_navigator.main' After rollback: format = 'Not set' (Constants/Not set)
2025-07-13T16:44:53.962584+00:00 DEBUG 'ansible_navigator.main' After rollback: help_builder = 'Not set' (Constants/Not set)
2025-07-13T16:44:53.962602+00:00 DEBUG 'ansible_navigator.main' After rollback: help_config = 'Not set' (Constants/Not set)
2025-07-13T16:44:53.962657+00:00 DEBUG 'ansible_navigator.main' After rollback: help_doc = 'Not set' (Constants/Not set)
2025-07-13T16:44:53.962687+00:00 DEBUG 'ansible_navigator.main' After rollback: help_inventory = 'Not set' (Constants/Not set)
2025-07-13T16:44:53.962708+00:00 DEBUG 'ansible_navigator.main' After rollback: help_playbook = 'Not set' (Constants/Not set)
2025-07-13T16:44:53.962726+00:00 DEBUG 'ansible_navigator.main' After rollback: images_details = 'Not set' (Constants/Not set)
2025-07-13T16:44:53.962744+00:00 DEBUG 'ansible_navigator.main' After rollback: inventory = 'Not set' (Constants/Not set)
2025-07-13T16:44:53.962762+00:00 DEBUG 'ansible_navigator.main' After rollback: inventory_column = 'Not set' (Constants/Not set)
2025-07-13T16:44:53.962780+00:00 DEBUG 'ansible_navigator.main' After rollback: lint_config = 'Not set' (Constants/Not set)
2025-07-13T16:44:53.962799+00:00 DEBUG 'ansible_navigator.main' After rollback: lintables = 'Not set' (Constants/Not set)
2025-07-13T16:44:53.962817+00:00 DEBUG 'ansible_navigator.main' After rollback: log_append = 'Not set' (Constants/Not set)
2025-07-13T16:44:53.962835+00:00 DEBUG 'ansible_navigator.main' After rollback: log_file = 'Not set' (Constants/Not set)
2025-07-13T16:44:53.962858+00:00 DEBUG 'ansible_navigator.main' After rollback: log_level = 'Not set' (Constants/Not set)
2025-07-13T16:44:53.962877+00:00 DEBUG 'ansible_navigator.main' After rollback: mode = 'Not set' (Constants/Not set)
2025-07-13T16:44:53.962895+00:00 DEBUG 'ansible_navigator.main' After rollback: osc4 = 'Not set' (Constants/Not set)
2025-07-13T16:44:53.962913+00:00 DEBUG 'ansible_navigator.main' After rollback: pass_environment_variable = 'Not set' (Constants/Not set)
2025-07-13T16:44:53.962931+00:00 DEBUG 'ansible_navigator.main' After rollback: playbook = 'Not set' (Constants/Not set)
2025-07-13T16:44:53.962949+00:00 DEBUG 'ansible_navigator.main' After rollback: playbook_artifact_enable = 'Not set' (Constants/Not set)
2025-07-13T16:44:53.962968+00:00 DEBUG 'ansible_navigator.main' After rollback: playbook_artifact_replay = 'Not set' (Constants/Not set)
2025-07-13T16:44:53.962986+00:00 DEBUG 'ansible_navigator.main' After rollback: playbook_artifact_save_as = 'Not set' (Constants/Not set)
2025-07-13T16:44:53.963003+00:00 DEBUG 'ansible_navigator.main' After rollback: plugin_name = 'Not set' (Constants/Not set)
2025-07-13T16:44:53.963022+00:00 DEBUG 'ansible_navigator.main' After rollback: plugin_type = 'Not set' (Constants/Not set)
2025-07-13T16:44:53.963040+00:00 DEBUG 'ansible_navigator.main' After rollback: pull_arguments = 'Not set' (Constants/Not set)
2025-07-13T16:44:53.963058+00:00 DEBUG 'ansible_navigator.main' After rollback: pull_policy = 'Not set' (Constants/Not set)
2025-07-13T16:44:53.963076+00:00 DEBUG 'ansible_navigator.main' After rollback: set_environment_variable = 'Not set' (Constants/Not set)
2025-07-13T16:44:53.963094+00:00 DEBUG 'ansible_navigator.main' After rollback: settings_effective = 'Not set' (Constants/Not set)
2025-07-13T16:44:53.963111+00:00 DEBUG 'ansible_navigator.main' After rollback: settings_sample = 'Not set' (Constants/Not set)
2025-07-13T16:44:53.963151+00:00 DEBUG 'ansible_navigator.main' After rollback: settings_schema = 'Not set' (Constants/Not set)
2025-07-13T16:44:53.963171+00:00 DEBUG 'ansible_navigator.main' After rollback: settings_sources = 'Not set' (Constants/Not set)
2025-07-13T16:44:53.963190+00:00 DEBUG 'ansible_navigator.main' After rollback: time_zone = 'Not set' (Constants/Not set)
2025-07-13T16:44:53.963208+00:00 DEBUG 'ansible_navigator.main' After rollback: workdir = 'Not set' (Constants/Not set)
2025-07-13T16:44:53.963227+00:00 DEBUG 'ansible_navigator.main' Configuration rollback complete.
2025-07-13T16:44:53.963245+00:00 DEBUG 'ansible_navigator.main' Collection doc cache not mounted
2025-07-13T16:44:53.963274+00:00 WARNING 'ansible_navigator.main' Issues were found while applying the settings.
2025-07-13T16:44:53.963296+00:00 INFO 'ansible_navigator.main' Command provided: '-m setup -a 'filter=*''
2025-07-13T16:44:53.963319+00:00 ERROR 'ansible_navigator.main' argument {subcommand} --help: invalid choice: 'filter=*' (choose from 'builder', 'collections', 'config', 'doc', 'exec', 'images', 'inventory', 'lint', 'replay', 'run', 'settings', 'welcome')
2025-07-13T16:44:53.963342+00:00 INFO 'ansible_navigator.main' Configuration failed, using default log file location. (/home/ansible/ansible/roles/ansible-navigator.log) Log level set to debug
2025-07-13T16:44:53.963363+00:00 INFO 'ansible_navigator.main' Review the hints and log file to see what went wrong.
